D:\SP PROJECT\UI_PART\DEBUG\UI_PART.EXE
D:\SP Project\UI_Part\Debug\UI_Part.ilk
D:\SP Project\UI_Part\Debug\UI_Part.pdb
D:\SP PROJECT\UI_PART\UI_PART\DEBUG\.NETFRAMEWORK,VERSION=V4.0.ASSEMBLYATTRIBUTES.OBJ
D:\SP PROJECT\UI_PART\UI_PART\DEBUG\APP.RES
D:\SP PROJECT\UI_PART\UI_PART\DEBUG\ASSEMBLYINFO.OBJ
D:\SP Project\UI_Part\UI_Part\Debug\cl.command.1.tlog
D:\SP Project\UI_Part\UI_Part\Debug\CL.read.1.tlog
D:\SP Project\UI_Part\UI_Part\Debug\CL.write.1.tlog
D:\SP PROJECT\UI_PART\UI_PART\DEBUG\COMPARISON_OUTPUT.OBJ
D:\SP PROJECT\UI_PART\UI_PART\DEBUG\HMM.OBJ
D:\SP Project\UI_Part\UI_Part\Debug\link.106720.read.1.tlog
D:\SP Project\UI_Part\UI_Part\Debug\link.106720.write.1.tlog
D:\SP Project\UI_Part\UI_Part\Debug\link.106720-cvtres.read.1.tlog
D:\SP Project\UI_Part\UI_Part\Debug\link.106720-cvtres.write.1.tlog
D:\SP Project\UI_Part\UI_Part\Debug\link.134072.read.1.tlog
D:\SP Project\UI_Part\UI_Part\Debug\link.134072.write.1.tlog
D:\SP Project\UI_Part\UI_Part\Debug\link.134072-cvtres.read.1.tlog
D:\SP Project\UI_Part\UI_Part\Debug\link.134072-cvtres.write.1.tlog
D:\SP Project\UI_Part\UI_Part\Debug\link.command.1.tlog
D:\SP Project\UI_Part\UI_Part\Debug\link.read.1.tlog
D:\SP Project\UI_Part\UI_Part\Debug\link.write.1.tlog
D:\SP Project\UI_Part\UI_Part\Debug\mt.command.1.tlog
D:\SP Project\UI_Part\UI_Part\Debug\mt.read.1.tlog
D:\SP Project\UI_Part\UI_Part\Debug\mt.write.1.tlog
D:\SP PROJECT\UI_PART\UI_PART\DEBUG\QUIZ_GENERATION.OBJ
D:\SP PROJECT\UI_PART\UI_PART\DEBUG\QUIZ_PAGE.OBJ
D:\SP Project\UI_Part\UI_Part\Debug\rc.command.1.tlog
D:\SP Project\UI_Part\UI_Part\Debug\rc.read.1.tlog
D:\SP Project\UI_Part\UI_Part\Debug\rc.write.1.tlog
D:\SP PROJECT\UI_PART\UI_PART\DEBUG\RESULT.OBJ
D:\SP PROJECT\UI_PART\UI_PART\DEBUG\STDAFX.OBJ
D:\SP PROJECT\UI_PART\UI_PART\DEBUG\TRAINING_MODULE.OBJ
D:\SP Project\UI_Part\UI_Part\Debug\UI_Part.exe.intermediate.manifest
D:\SP Project\UI_Part\UI_Part\Debug\UI_Part.Form1.resources
D:\SP PROJECT\UI_PART\UI_PART\DEBUG\UI_PART.OBJ
D:\SP PROJECT\UI_PART\UI_PART\DEBUG\UI_PART.PCH
D:\SP Project\UI_Part\UI_Part\Debug\UI_Part.Quiz_Page.resources
D:\SP Project\UI_Part\UI_Part\Debug\UI_Part.Result.resources
D:\SP Project\UI_Part\UI_Part\Debug\UI_Part.training_module.resources
D:\SP Project\UI_Part\UI_Part\Debug\UI_Part.vcxproj.GenerateResource.Cache
D:\SP Project\UI_Part\UI_Part\Debug\UI_Part.write.1.tlog
D:\SP PROJECT\UI_PART\UI_PART\DEBUG\VC100.PDB
